<?xml version="1.0" encoding="UTF-8"?>
<!-- Generated by org.testng.reporters.JUnitXMLReporter -->
<testsuite hostname="DESKTOP-K6KU3C6" ignored="0" name="Surefire test" tests="8" failures="0" timestamp="2023-01-09T21:09:36 ALMT" time="2.067" errors="0">
  <testcase name="testLogin" time="0.196" classname="practice.TestDataProvider"/>
  <testcase name="testLogin" time="0.003" classname="practice.TestDataProvider"/>
  <testcase name="testLogin" time="0.005" classname="practice.TestDataProvider"/>
  <testcase name="createNewUserTest" time="0.006" classname="practice.TestUser"/>
  <testcase name="checkCreatedUser" time="0.004" classname="practice.TestUser"/>
  <testcase name="test1" time="0.015" classname="practice.TestUser"/>
  <testcase name="testPharmacyTitle" time="0.006" classname="TestDemo"/>
  <testcase name="testShops" time="0.003" classname="TestDemo"/>
</testsuite> <!-- Surefire test -->
