<?xml version="1.0" encoding="UTF-8"?>
<testsuite xmlns:xsi="http://www.w3.org/2001/XMLSchema-instance" xsi:noNamespaceSchemaLocation="https://maven.apache.org/surefire/maven-surefire-plugin/xsd/surefire-test-report.xsd" name="TestSuite" time="5.311" tests="8" errors="0" skipped="0" failures="0">
  <properties>
[...]
</properties>
  <testcase name="testLogin" classname="practice.TestDataProvider" time="0.336"/>
  <testcase name="testLogin" classname="practice.TestDataProvider" time="0.01"/>
  <testcase name="testLogin" classname="practice.TestDataProvider" time="0.003"/>
  <testcase name="createNewUserTest" classname="practice.TestUser" time="0.003"/>
  <testcase name="checkCreatedUser" classname="practice.TestUser" time="0.002"/>
  <testcase name="test1" classname="practice.TestUser" time="0.01"/>
  <testcase name="testPharmacyTitle" classname="TestDemo" time="0.016"/>
  <testcase name="testShops" classname="TestDemo" time="0.006"/>
</testsuite>